============================================================
Building Grateful Dead Catalog from Archive.org
============================================================

Step 1: Finding all unique show dates...
  Total recordings in collection: 18,013

  Fetched 1,000/18,013 recordings...

  Fetched 2,000/18,013 recordings...

  Fetched 3,000/18,013 recordings...

  Fetched 4,000/18,013 recordings...

  Fetched 5,000/18,013 recordings...

  Fetched 6,000/18,013 recordings...

  Fetched 7,000/18,013 recordings...

  Fetched 8,000/18,013 recordings...

  Fetched 9,000/18,013 recordings...

  Fetched 10,000/18,013 recordings...

  API error on page 51, attempt 1/3, waiting 2s...

  API error on page 51, attempt 2/3, waiting 4s...

  API error on page 51, attempt 3/3, waiting 8s...

  Skipping page 51 after 3 failed attempts

  API error on page 52, attempt 1/3, waiting 2s...

  API error on page 52, attempt 2/3, waiting 4s...

  API error on page 52, attempt 3/3, waiting 8s...

  Skipping page 52 after 3 failed attempts

  API error on page 53, attempt 1/3, waiting 2s...

  API error on page 53, attempt 2/3, waiting 4s...

  API error on page 53, attempt 3/3, waiting 8s...

  Skipping page 53 after 3 failed attempts

  API error on page 54, attempt 1/3, waiting 2s...

  API error on page 54, attempt 2/3, waiting 4s...

  API error on page 54, attempt 3/3, waiting 8s...

  Skipping page 54 after 3 failed attempts

  API error on page 55, attempt 1/3, waiting 2s...

  API error on page 55, attempt 2/3, waiting 4s...

  API error on page 55, attempt 3/3, waiting 8s...

  Skipping page 55 after 3 failed attempts

  API error on page 56, attempt 1/3, waiting 2s...

  API error on page 56, attempt 2/3, waiting 4s...

  API error on page 56, attempt 3/3, waiting 8s...

  Skipping page 56 after 3 failed attempts

  API error on page 57, attempt 1/3, waiting 2s...

  API error on page 57, attempt 2/3, waiting 4s...

  API error on page 57, attempt 3/3, waiting 8s...

  Skipping page 57 after 3 failed attempts

  API error on page 58, attempt 1/3, waiting 2s...

  API error on page 58, attempt 2/3, waiting 4s...

  API error on page 58, attempt 3/3, waiting 8s...

  Skipping page 58 after 3 failed attempts

  API error on page 59, attempt 1/3, waiting 2s...

  API error on page 59, attempt 2/3, waiting 4s...

  API error on page 59, attempt 3/3, waiting 8s...

  Skipping page 59 after 3 failed attempts

  API error on page 60, attempt 1/3, waiting 2s...

  API error on page 60, attempt 2/3, waiting 4s...

  API error on page 60, attempt 3/3, waiting 8s...

  Skipping page 60 after 3 failed attempts

  API error on page 61, attempt 1/3, waiting 2s...

  API error on page 61, attempt 2/3, waiting 4s...

  API error on page 61, attempt 3/3, waiting 8s...

  Skipping page 61 after 3 failed attempts

  API error on page 62, attempt 1/3, waiting 2s...

  API error on page 62, attempt 2/3, waiting 4s...

  API error on page 62, attempt 3/3, waiting 8s...

  Skipping page 62 after 3 failed attempts

  API error on page 63, attempt 1/3, waiting 2s...

  API error on page 63, attempt 2/3, waiting 4s...

  API error on page 63, attempt 3/3, waiting 8s...

  Skipping page 63 after 3 failed attempts

  API error on page 64, attempt 1/3, waiting 2s...

  API error on page 64, attempt 2/3, waiting 4s...

  API error on page 64, attempt 3/3, waiting 8s...

  Skipping page 64 after 3 failed attempts

  API error on page 65, attempt 1/3, waiting 2s...

  API error on page 65, attempt 2/3, waiting 4s...

  API error on page 65, attempt 3/3, waiting 8s...

  Skipping page 65 after 3 failed attempts

  API error on page 66, attempt 1/3, waiting 2s...

  API error on page 66, attempt 2/3, waiting 4s...

  API error on page 66, attempt 3/3, waiting 8s...

  Skipping page 66 after 3 failed attempts

  API error on page 67, attempt 1/3, waiting 2s...

  API error on page 67, attempt 2/3, waiting 4s...

  API error on page 67, attempt 3/3, waiting 8s...

  Skipping page 67 after 3 failed attempts

  API error on page 68, attempt 1/3, waiting 2s...

  API error on page 68, attempt 2/3, waiting 4s...

  API error on page 68, attempt 3/3, waiting 8s...

  Skipping page 68 after 3 failed attempts

  API error on page 69, attempt 1/3, waiting 2s...

  API error on page 69, attempt 2/3, waiting 4s...

  API error on page 69, attempt 3/3, waiting 8s...

  Skipping page 69 after 3 failed attempts

  API error on page 70, attempt 1/3, waiting 2s...

  API error on page 70, attempt 2/3, waiting 4s...

  API error on page 70, attempt 3/3, waiting 8s...

  Skipping page 70 after 3 failed attempts

  API error on page 71, attempt 1/3, waiting 2s...

  API error on page 71, attempt 2/3, waiting 4s...

  API error on page 71, attempt 3/3, waiting 8s...

  Skipping page 71 after 3 failed attempts

  API error on page 72, attempt 1/3, waiting 2s...

  API error on page 72, attempt 2/3, waiting 4s...

  API error on page 72, attempt 3/3, waiting 8s...

  Skipping page 72 after 3 failed attempts

  API error on page 73, attempt 1/3, waiting 2s...

  API error on page 73, attempt 2/3, waiting 4s...

  API error on page 73, attempt 3/3, waiting 8s...

  Skipping page 73 after 3 failed attempts

  API error on page 74, attempt 1/3, waiting 2s...

  API error on page 74, attempt 2/3, waiting 4s...

  API error on page 74, attempt 3/3, waiting 8s...

  Skipping page 74 after 3 failed attempts

  API error on page 75, attempt 1/3, waiting 2s...

  API error on page 75, attempt 2/3, waiting 4s...

  API error on page 75, attempt 3/3, waiting 8s...

  Skipping page 75 after 3 failed attempts

  API error on page 76, attempt 1/3, waiting 2s...

  API error on page 76, attempt 2/3, waiting 4s...

  API error on page 76, attempt 3/3, waiting 8s...

  Skipping page 76 after 3 failed attempts

  API error on page 77, attempt 1/3, waiting 2s...

  API error on page 77, attempt 2/3, waiting 4s...

  API error on page 77, attempt 3/3, waiting 8s...

  Skipping page 77 after 3 failed attempts

  API error on page 78, attempt 1/3, waiting 2s...

  API error on page 78, attempt 2/3, waiting 4s...

  API error on page 78, attempt 3/3, waiting 8s...

  Skipping page 78 after 3 failed attempts

  API error on page 79, attempt 1/3, waiting 2s...

  API error on page 79, attempt 2/3, waiting 4s...

  API error on page 79, attempt 3/3, waiting 8s...

  Skipping page 79 after 3 failed attempts

  API error on page 80, attempt 1/3, waiting 2s...

  API error on page 80, attempt 2/3, waiting 4s...

  API error on page 80, attempt 3/3, waiting 8s...

  Skipping page 80 after 3 failed attempts

  API error on page 81, attempt 1/3, waiting 2s...

  API error on page 81, attempt 2/3, waiting 4s...

  API error on page 81, attempt 3/3, waiting 8s...

  Skipping page 81 after 3 failed attempts

  API error on page 82, attempt 1/3, waiting 2s...

  API error on page 82, attempt 2/3, waiting 4s...

  API error on page 82, attempt 3/3, waiting 8s...

  Skipping page 82 after 3 failed attempts

  API error on page 83, attempt 1/3, waiting 2s...

  API error on page 83, attempt 2/3, waiting 4s...

  API error on page 83, attempt 3/3, waiting 8s...

  Skipping page 83 after 3 failed attempts

  API error on page 84, attempt 1/3, waiting 2s...

  API error on page 84, attempt 2/3, waiting 4s...

  API error on page 84, attempt 3/3, waiting 8s...

  Skipping page 84 after 3 failed attempts

  API error on page 85, attempt 1/3, waiting 2s...

  API error on page 85, attempt 2/3, waiting 4s...

  API error on page 85, attempt 3/3, waiting 8s...

  Skipping page 85 after 3 failed attempts

  API error on page 86, attempt 1/3, waiting 2s...

  API error on page 86, attempt 2/3, waiting 4s...

  API error on page 86, attempt 3/3, waiting 8s...

  Skipping page 86 after 3 failed attempts

  API error on page 87, attempt 1/3, waiting 2s...

  API error on page 87, attempt 2/3, waiting 4s...

  API error on page 87, attempt 3/3, waiting 8s...

  Skipping page 87 after 3 failed attempts

  API error on page 88, attempt 1/3, waiting 2s...

  API error on page 88, attempt 2/3, waiting 4s...

  API error on page 88, attempt 3/3, waiting 8s...

  Skipping page 88 after 3 failed attempts

  API error on page 89, attempt 1/3, waiting 2s...

  API error on page 89, attempt 2/3, waiting 4s...

  API error on page 89, attempt 3/3, waiting 8s...

  Skipping page 89 after 3 failed attempts

  API error on page 90, attempt 1/3, waiting 2s...

  API error on page 90, attempt 2/3, waiting 4s...

  API error on page 90, attempt 3/3, waiting 8s...

  Skipping page 90 after 3 failed attempts

  API error on page 91, attempt 1/3, waiting 2s...

  API error on page 91, attempt 2/3, waiting 4s...

  API error on page 91, attempt 3/3, waiting 8s...

  Skipping page 91 after 3 failed attempts

  Found 1,820 unique show dates

Step 2: Extracting setlists and durations...
  (This will take a while - ~2500 API calls)

  Processed 50/1,820 shows (49 with tracks)...
  Processed 100/1,820 shows (98 with tracks)...
  Processed 150/1,820 shows (148 with tracks)...
  Processed 200/1,820 shows (198 with tracks)...
  Processed 250/1,820 shows (247 with tracks)...
  Processed 300/1,820 shows (296 with tracks)...
  Processed 350/1,820 shows (346 with tracks)...
  Processed 400/1,820 shows (396 with tracks)...
  Processed 450/1,820 shows (446 with tracks)...
  Processed 500/1,820 shows (495 with tracks)...
  Processed 550/1,820 shows (545 with tracks)...
  Processed 600/1,820 shows (595 with tracks)...
  Processed 650/1,820 shows (645 with tracks)...
  Processed 700/1,820 shows (694 with tracks)...
  Processed 750/1,820 shows (744 with tracks)...
  Processed 800/1,820 shows (794 with tracks)...
  Processed 850/1,820 shows (844 with tracks)...
  Error fetching gd1982-02-21.149023.fob.nak700.severson.miller.clugston.flac1648: The read operation timed out
  Processed 900/1,820 shows (893 with tracks)...
  Processed 950/1,820 shows (943 with tracks)...
  Processed 1,000/1,820 shows (993 with tracks)...
  Processed 1,050/1,820 shows (1,043 with tracks)...
  Processed 1,100/1,820 shows (1,093 with tracks)...
  Processed 1,150/1,820 shows (1,143 with tracks)...
  Processed 1,200/1,820 shows (1,193 with tracks)...
  Error fetching gd1987-09-22.137000.mtx.tobin.flac16: The read operation timed out
  Processed 1,250/1,820 shows (1,242 with tracks)...
  Error fetching gd1988-02-14.aud.schoepsCMC3.miller.14953.shnf: <urlopen error [Errno 54] Connection reset by peer>
  Processed 1,300/1,820 shows (1,291 with tracks)...
  Processed 1,350/1,820 shows (1,341 with tracks)...
  Processed 1,400/1,820 shows (1,391 with tracks)...
  Processed 1,450/1,820 shows (1,441 with tracks)...
  Processed 1,500/1,820 shows (1,491 with tracks)...
  Processed 1,550/1,820 shows (1,541 with tracks)...
  Processed 1,600/1,820 shows (1,591 with tracks)...
  Processed 1,650/1,820 shows (1,641 with tracks)...
  Processed 1,700/1,820 shows (1,691 with tracks)...
  Processed 1,750/1,820 shows (1,741 with tracks)...
  Processed 1,800/1,820 shows (1,790 with tracks)...

  Processed 1,820 dates, got 1,810 shows with track data
  Errors: 3

Step 3: Calculating song statistics...
  Indexed 5,651 unique songs

Saving catalog to /Users/macmcguire/phish-stats/data/grateful_dead_catalog.json...
  Saved! (13.0 MB)

============================================================
CATALOG COMPLETE!
============================================================
Shows: 1,810
Songs: 5,651

Top 10 Most Played Songs:
  Drums: 793 times
  Space: 642 times
  Sugar Magnolia: 449 times
  I Know You Rider: 372 times
  Not Fade Away: 357 times
  Jack Straw: 347 times
  Deal: 327 times
  Drums -: 325 times
  Tennessee Jed: 313 times
  Mexicali Blues: 310 times

Top 10 Longest Jams:
  Turn On Your Lovelight: 46:59 (1969-06-06)
  20 Weather Report Suite: 46:47 (1974-06-28)
  Playing In The Band: 46:27 (1974-05-21)
  Dark Star: 44:00 (1973-12-06)
  Lovelight: 41:34 (1970-02-01)
  13 - Seastones: 41:02 (1974-09-11)
  The Other One: 38:56 (1972-09-17)
  dark star>>st stephen>>the eleven>>death don't have no mercy: 37:00 (1968-08-21)
  Comes A Time: 36:28 (1972-04-26)
  Dark Star-: 34:28 (1972-12-11)

